<?xml version="1.0" encoding="UTF-8"?>
<!-- Generated by org.testng.reporters.JUnitReportReporter -->
<testsuite hostname="shari" failures="0" tests="2" name="Testng.Dataprovider" time="27.562" errors="0" timestamp="2024-04-29T16:06:17 IST" skipped="0">
  <testcase classname="Testng.Dataprovider" name="login" time="11.127"/>
  <system-out/>
  <testcase classname="Testng.Dataprovider" name="login" time="16.435"/>
  <system-out/>
</testsuite> <!-- Testng.Dataprovider -->
