<?xml version="1.0" encoding="UTF-8"?>
<!-- Generated by org.testng.reporters.JUnitReportReporter -->
<testsuite hostname="shari" failures="0" tests="6" name="Testng.Groups" time="0.024" errors="0" timestamp="2024-04-30T13:16:17 IST" skipped="0">
  <testcase classname="Testng.Groups" name="developer2" time="0.000"/>
  <system-out/>
  <testcase classname="Testng.Groups" name="developer3" time="0.001"/>
  <system-out/>
  <testcase classname="Testng.Groups" name="hr2" time="0.000"/>
  <system-out/>
  <testcase classname="Testng.Groups" name="hr1" time="0.000"/>
  <system-out/>
  <testcase classname="Testng.Groups" name="hr" time="0.001"/>
  <system-out/>
  <testcase classname="Testng.Groups" name="developer" time="0.022"/>
  <system-out/>
</testsuite> <!-- Testng.Groups -->
