<?xml version="1.0" encoding="UTF-8"?>
<!-- Generated by org.testng.reporters.JUnitReportReporter -->
<testsuite hostname="shari" failures="0" tests="1" name="Testng.parallel2" time="14.552" errors="0" timestamp="2024-04-30T14:53:05 IST" skipped="0">
  <testcase classname="Testng.parallel2" name="orghrm" time="14.552"/>
  <system-out/>
</testsuite> <!-- Testng.parallel2 -->
