<?xml version="1.0" encoding="UTF-8"?>
<!-- Generated by org.testng.reporters.JUnitReportReporter -->
<testsuite hostname="shari" failures="0" tests="10" name="Testng.Priorty" time="0.020" errors="0" timestamp="2024-05-02T15:23:54 IST" skipped="0">
  <testcase classname="Testng.Priorty" name="setup" time="0.001"/>
  <system-out/>
  <testcase classname="Testng.Priorty" name="login" time="0.010"/>
  <system-out/>
  <testcase classname="Testng.Priorty" name="login1" time="0.000"/>
  <system-out/>
  <testcase classname="Testng.Priorty" name="logio" time="0.001"/>
  <system-out/>
  <testcase classname="Testng.Priorty" name="login3" time="0.001"/>
  <system-out/>
  <testcase classname="Testng.Priorty" name="login2" time="0.002"/>
  <system-out/>
  <testcase classname="Testng.Priorty" name="login6" time="0.002"/>
  <system-out/>
  <testcase classname="Testng.Priorty" name="login7" time="0.001"/>
  <system-out/>
  <testcase classname="Testng.Priorty" name="login4" time="0.001"/>
  <system-out/>
  <testcase classname="Testng.Priorty" name="login5" time="0.001"/>
  <system-out/>
</testsuite> <!-- Testng.Priorty -->
