<?xml version="1.0" encoding="UTF-8"?>
<!-- Generated by org.testng.reporters.JUnitReportReporter -->
<testsuite hostname="shari" failures="0" tests="1" name="Testng.Listeners_Practice" time="24.992" errors="0" timestamp="2024-05-02T16:27:47 IST" skipped="0">
  <testcase classname="Testng.Listeners_Practice" name="m1" time="24.992"/>
  <system-out/>
</testsuite> <!-- Testng.Listeners_Practice -->
