<?xml version="1.0" encoding="UTF-8"?>
<!-- Generated by org.testng.reporters.JUnitReportReporter -->
<testsuite hostname="shari" failures="0" tests="2" name="Testng.ignoreDependencies" time="0.006" errors="0" timestamp="2024-05-02T16:19:36 IST" skipped="1">
  <testcase classname="Testng.ignoreDependencies" name="test2" time="0.006"/>
  <system-out/>
  <testcase classname="Testng.ignoreDependencies" name="test1">
    <skipped/>
  </testcase> <!-- test1 -->
  <system-out/>
</testsuite> <!-- Testng.ignoreDependencies -->
