<?xml version="1.0" encoding="UTF-8"?>
<!-- Generated by org.testng.reporters.JUnitReportReporter -->
<testsuite hostname="shari" failures="0" tests="5" name="DDTfw.OhrmDDt" time="54.613" errors="0" timestamp="2024-05-03T13:46:39 IST" skipped="2">
  <testcase classname="DDTfw.OhrmDDt" name="login2" time="18.571"/>
  <system-out/>
  <testcase classname="DDTfw.OhrmDDt" name="login2" time="18.036"/>
  <system-out/>
  <testcase classname="DDTfw.OhrmDDt" name="login2" time="18.006"/>
  <system-out/>
  <testcase classname="DDTfw.OhrmDDt" name="login">
    <skipped/>
  </testcase> <!-- login -->
  <system-out/>
  <testcase classname="DDTfw.OhrmDDt" name="login1">
    <skipped/>
  </testcase> <!-- login1 -->
  <system-out/>
</testsuite> <!-- DDTfw.OhrmDDt -->
