<?xml version="1.0" encoding="UTF-8"?>
<!-- Generated by org.testng.reporters.JUnitReportReporter -->
<testsuite hostname="shari" failures="0" tests="2" name="Testng.Parallel" time="39.780" errors="0" timestamp="2024-04-30T14:53:05 IST" skipped="0">
  <testcase classname="Testng.Parallel" name="fb" time="16.588"/>
  <system-out/>
  <testcase classname="Testng.Parallel" name="orghrm" time="23.192"/>
  <system-out/>
</testsuite> <!-- Testng.Parallel -->
